# JRE version: OpenJDK Runtime Environment (19.0.1+10) (build 19.0.1+10-21)
# Java VM: OpenJDK 64-Bit Server VM (19.0.1+10-21, mixed mode, sharing, tiered, compressed oops, compressed class ptrs, g1 gc, windows-amd64)
GC Precious Log:
 CardTable entry size: 512
 Card Set container configuration: InlinePtr #cards 5 size 8 Array Of Cards #cards 12 size 40 Howl #buckets 4 coarsen threshold 1843 Howl Bitmap #cards 512 size 80 coarsen threshold 460 Card regions per heap region 1 cards per card region 2048
 CPUs: 8 total, 8 available
 Memory: 7930M
 Large Page Support: Disabled
 NUMA Support: Disabled
 Compressed Oops: Enabled (32-bit)
 Heap Region Size: 1M
 Heap Min Capacity: 8M
 Heap Initial Capacity: 124M
 Heap Max Capacity: 1984M
 Pre-touch: Disabled
 Parallel Workers: 8
 Concurrent Workers: 2
 Concurrent Refinement Workers: 8
 Periodic GC: Disabled
Heap:
 garbage-first heap   total 92160K, used 56024K [0x0000000084000000, 0x0000000100000000)
  region size 1024K, 27 young (27648K), 6 survivors (6144K)
 Metaspace       used 84470K, committed 85248K, reserved 1179648K
  class space    used 11347K, committed 11712K, reserved 1048576K
GC Heap History (20 events):
Event: 6.172 GC heap before
{Heap before GC invocations=8 (full 0):
 garbage-first heap   total 58368K, used 26771K [0x0000000084000000, 0x0000000100000000)
  region size 1024K, 9 young (9216K), 2 survivors (2048K)
 Metaspace       used 35457K, committed 35968K, reserved 1114112K
  class space    used 4428K, committed 4672K, reserved 1048576K
}
Event: 6.178 GC heap after
{Heap after GC invocations=9 (full 0):
 garbage-first heap   total 58368K, used 21405K [0x0000000084000000, 0x0000000100000000)
  region size 1024K, 1 young (1024K), 1 survivors (1024K)
 Metaspace       used 35457K, committed 35968K, reserved 1114112K
  class space    used 4428K, committed 4672K, reserved 1048576K
}
Event: 6.892 GC heap before
{Heap before GC invocations=10 (full 0):
 garbage-first heap   total 58368K, used 43933K [0x0000000084000000, 0x0000000100000000)
  region size 1024K, 23 young (23552K), 1 survivors (1024K)
 Metaspace       used 41041K, committed 41536K, reserved 1114112K
  class space    used 5339K, committed 5568K, reserved 1048576K
}
Event: 6.897 GC heap after
{Heap after GC invocations=11 (full 0):
 garbage-first heap   total 58368K, used 22385K [0x0000000084000000, 0x0000000100000000)
  region size 1024K, 2 young (2048K), 2 survivors (2048K)
 Metaspace       used 41041K, committed 41536K, reserved 1114112K
  class space    used 5339K, committed 5568K, reserved 1048576K
}
Event: 6.941 GC heap before
{Heap before GC invocations=11 (full 0):
 garbage-first heap   total 58368K, used 23409K [0x0000000084000000, 0x0000000100000000)
  region size 1024K, 3 young (3072K), 2 survivors (2048K)
 Metaspace       used 41451K, committed 42048K, reserved 1114112K
  class space    used 5378K, committed 5632K, reserved 1048576K
}
Event: 6.947 GC heap after
{Heap after GC invocations=12 (full 0):
 garbage-first heap   total 58368K, used 22478K [0x0000000084000000, 0x0000000100000000)
  region size 1024K, 1 young (1024K), 1 survivors (1024K)
 Metaspace       used 41451K, committed 42048K, reserved 1114112K
  class space    used 5378K, committed 5632K, reserved 1048576K
}
Event: 7.968 GC heap before
{Heap before GC invocations=12 (full 0):
 garbage-first heap   total 58368K, used 42958K [0x0000000084000000, 0x0000000100000000)
  region size 1024K, 22 young (22528K), 1 survivors (1024K)
 Metaspace       used 50663K, committed 51200K, reserved 1114112K
  class space    used 6482K, committed 6720K, reserved 1048576K
}
Event: 7.974 GC heap after
{Heap after GC invocations=13 (full 0):
 garbage-first heap   total 101376K, used 24229K [0x0000000084000000, 0x0000000100000000)
  region size 1024K, 2 young (2048K), 2 survivors (2048K)
 Metaspace       used 50663K, committed 51200K, reserved 1114112K
  class space    used 6482K, committed 6720K, reserved 1048576K
}
Event: 8.903 GC heap before
{Heap before GC invocations=13 (full 0):
 garbage-first heap   total 101376K, used 60069K [0x0000000084000000, 0x0000000100000000)
  region size 1024K, 39 young (39936K), 2 survivors (2048K)
 Metaspace       used 59614K, committed 60160K, reserved 1114112K
  class space    used 7797K, committed 8064K, reserved 1048576K
}
Event: 8.911 GC heap after
{Heap after GC invocations=14 (full 0):
 garbage-first heap   total 101376K, used 26301K [0x0000000084000000, 0x0000000100000000)
  region size 1024K, 4 young (4096K), 4 survivors (4096K)
 Metaspace       used 59614K, committed 60160K, reserved 1114112K
  class space    used 7797K, committed 8064K, reserved 1048576K
}
Event: 12.027 GC heap before
{Heap before GC invocations=15 (full 0):
 garbage-first heap   total 92160K, used 77501K [0x0000000084000000, 0x0000000100000000)
  region size 1024K, 54 young (55296K), 4 survivors (4096K)
 Metaspace       used 68020K, committed 68736K, reserved 1114112K
  class space    used 8956K, committed 9280K, reserved 1048576K
}
Event: 12.033 GC heap after
{Heap after GC invocations=16 (full 0):
 garbage-first heap   total 92160K, used 29265K [0x0000000084000000, 0x0000000100000000)
  region size 1024K, 5 young (5120K), 5 survivors (5120K)
 Metaspace       used 68020K, committed 68736K, reserved 1114112K
  class space    used 8956K, committed 9280K, reserved 1048576K
}
Event: 12.044 GC heap before
{Heap before GC invocations=16 (full 0):
 garbage-first heap   total 92160K, used 30289K [0x0000000084000000, 0x0000000100000000)
  region size 1024K, 6 young (6144K), 5 survivors (5120K)
 Metaspace       used 68051K, committed 68736K, reserved 1114112K
  class space    used 8958K, committed 9280K, reserved 1048576K
}
Event: 12.048 GC heap after
{Heap after GC invocations=17 (full 0):
 garbage-first heap   total 92160K, used 29779K [0x0000000084000000, 0x0000000100000000)
  region size 1024K, 1 young (1024K), 1 survivors (1024K)
 Metaspace       used 68051K, committed 68736K, reserved 1114112K
  class space    used 8958K, committed 9280K, reserved 1048576K
}
Event: 12.604 GC heap before
{Heap before GC invocations=17 (full 0):
 garbage-first heap   total 92160K, used 70739K [0x0000000084000000, 0x0000000100000000)
  region size 1024K, 42 young (43008K), 1 survivors (1024K)
 Metaspace       used 71546K, committed 72192K, reserved 1114112K
  class space    used 9645K, committed 9984K, reserved 1048576K
}
Event: 12.608 GC heap after
{Heap after GC invocations=18 (full 0):
 garbage-first heap   total 92160K, used 31470K [0x0000000084000000, 0x0000000100000000)
  region size 1024K, 3 young (3072K), 3 survivors (3072K)
 Metaspace       used 71546K, committed 72192K, reserved 1114112K
  class space    used 9645K, committed 9984K, reserved 1048576K
}
Event: 13.269 GC heap before
{Heap before GC invocations=18 (full 0):
 garbage-first heap   total 92160K, used 71406K [0x0000000084000000, 0x0000000100000000)
  region size 1024K, 42 young (43008K), 3 survivors (3072K)
 Metaspace       used 75319K, committed 75968K, reserved 1114112K
  class space    used 10126K, committed 10432K, reserved 1048576K
}
Event: 13.273 GC heap after
{Heap after GC invocations=19 (full 0):
 garbage-first heap   total 92160K, used 33437K [0x0000000084000000, 0x0000000100000000)
  region size 1024K, 5 young (5120K), 5 survivors (5120K)
 Metaspace       used 75319K, committed 75968K, reserved 1114112K
  class space    used 10126K, committed 10432K, reserved 1048576K
}
Event: 14.150 GC heap before
{Heap before GC invocations=19 (full 0):
 garbage-first heap   total 92160K, used 72349K [0x0000000084000000, 0x0000000100000000)
  region size 1024K, 43 young (44032K), 5 survivors (5120K)
 Metaspace       used 80300K, committed 81024K, reserved 1179648K
  class space    used 10816K, committed 11200K, reserved 1048576K
}
Event: 14.158 GC heap after
{Heap after GC invocations=20 (full 0):
 garbage-first heap   total 92160K, used 36568K [0x0000000084000000, 0x0000000100000000)
  region size 1024K, 6 young (6144K), 6 survivors (6144K)
 Metaspace       used 80300K, committed 81024K, reserved 1179648K
  class space    used 10816K, committed 11200K, reserved 1048576K
}

