# JRE version: OpenJDK Runtime Environment (19.0.1+10) (build 19.0.1+10-21)
# Java VM: OpenJDK 64-Bit Server VM (19.0.1+10-21, mixed mode, sharing, tiered, compressed oops, compressed class ptrs, g1 gc, windows-amd64)
GC Precious Log:
 CardTable entry size: 512
 Card Set container configuration: InlinePtr #cards 5 size 8 Array Of Cards #cards 12 size 40 Howl #buckets 4 coarsen threshold 1843 Howl Bitmap #cards 512 size 80 coarsen threshold 460 Card regions per heap region 1 cards per card region 2048
 CPUs: 8 total, 8 available
 Memory: 7930M
 Large Page Support: Disabled
 NUMA Support: Disabled
 Compressed Oops: Enabled (32-bit)
 Heap Region Size: 1M
 Heap Min Capacity: 8M
 Heap Initial Capacity: 124M
 Heap Max Capacity: 1984M
 Pre-touch: Disabled
 Parallel Workers: 8
 Concurrent Workers: 2
 Concurrent Refinement Workers: 8
 Periodic GC: Disabled
Heap:
 garbage-first heap   total 96256K, used 73748K [0x0000000084000000, 0x0000000100000000)
  region size 1024K, 47 young (48128K), 6 survivors (6144K)
 Metaspace       used 82660K, committed 83328K, reserved 1179648K
  class space    used 11133K, committed 11456K, reserved 1048576K
GC Heap History (20 events):
Event: 4.855 GC heap before
{Heap before GC invocations=7 (full 0):
 garbage-first heap   total 58368K, used 41197K [0x0000000084000000, 0x0000000100000000)
  region size 1024K, 25 young (25600K), 3 survivors (3072K)
 Metaspace       used 34033K, committed 34496K, reserved 1114112K
  class space    used 4266K, committed 4480K, reserved 1048576K
}
Event: 4.865 GC heap after
{Heap after GC invocations=8 (full 0):
 garbage-first heap   total 58368K, used 20627K [0x0000000084000000, 0x0000000100000000)
  region size 1024K, 2 young (2048K), 2 survivors (2048K)
 Metaspace       used 34033K, committed 34496K, reserved 1114112K
  class space    used 4266K, committed 4480K, reserved 1048576K
}
Event: 5.086 GC heap before
{Heap before GC invocations=8 (full 0):
 garbage-first heap   total 58368K, used 27795K [0x0000000084000000, 0x0000000100000000)
  region size 1024K, 11 young (11264K), 2 survivors (2048K)
 Metaspace       used 35460K, committed 35968K, reserved 1114112K
  class space    used 4434K, committed 4672K, reserved 1048576K
}
Event: 5.094 GC heap after
{Heap after GC invocations=9 (full 0):
 garbage-first heap   total 58368K, used 21236K [0x0000000084000000, 0x0000000100000000)
  region size 1024K, 1 young (1024K), 1 survivors (1024K)
 Metaspace       used 35460K, committed 35968K, reserved 1114112K
  class space    used 4434K, committed 4672K, reserved 1048576K
}
Event: 5.883 GC heap before
{Heap before GC invocations=10 (full 0):
 garbage-first heap   total 58368K, used 44788K [0x0000000084000000, 0x0000000100000000)
  region size 1024K, 24 young (24576K), 1 survivors (1024K)
 Metaspace       used 41267K, committed 41856K, reserved 1114112K
  class space    used 5372K, committed 5632K, reserved 1048576K
}
Event: 5.888 GC heap after
{Heap after GC invocations=11 (full 0):
 garbage-first heap   total 58368K, used 22196K [0x0000000084000000, 0x0000000100000000)
  region size 1024K, 2 young (2048K), 2 survivors (2048K)
 Metaspace       used 41267K, committed 41856K, reserved 1114112K
  class space    used 5372K, committed 5632K, reserved 1048576K
}
Event: 5.929 GC heap before
{Heap before GC invocations=11 (full 0):
 garbage-first heap   total 58368K, used 23220K [0x0000000084000000, 0x0000000100000000)
  region size 1024K, 3 young (3072K), 2 survivors (2048K)
 Metaspace       used 41669K, committed 42240K, reserved 1114112K
  class space    used 5410K, committed 5696K, reserved 1048576K
}
Event: 5.936 GC heap after
{Heap after GC invocations=12 (full 0):
 garbage-first heap   total 58368K, used 22337K [0x0000000084000000, 0x0000000100000000)
  region size 1024K, 1 young (1024K), 1 survivors (1024K)
 Metaspace       used 41669K, committed 42240K, reserved 1114112K
  class space    used 5410K, committed 5696K, reserved 1048576K
}
Event: 7.250 GC heap before
{Heap before GC invocations=12 (full 0):
 garbage-first heap   total 58368K, used 43841K [0x0000000084000000, 0x0000000100000000)
  region size 1024K, 23 young (23552K), 1 survivors (1024K)
 Metaspace       used 51170K, committed 51648K, reserved 1114112K
  class space    used 6554K, committed 6784K, reserved 1048576K
}
Event: 7.257 GC heap after
{Heap after GC invocations=13 (full 0):
 garbage-first heap   total 114688K, used 23961K [0x0000000084000000, 0x0000000100000000)
  region size 1024K, 2 young (2048K), 2 survivors (2048K)
 Metaspace       used 51170K, committed 51648K, reserved 1114112K
  class space    used 6554K, committed 6784K, reserved 1048576K
}
Event: 8.128 GC heap before
{Heap before GC invocations=13 (full 0):
 garbage-first heap   total 114688K, used 56729K [0x0000000084000000, 0x0000000100000000)
  region size 1024K, 36 young (36864K), 2 survivors (2048K)
 Metaspace       used 59600K, committed 60160K, reserved 1114112K
  class space    used 7805K, committed 8064K, reserved 1048576K
}
Event: 8.138 GC heap after
{Heap after GC invocations=14 (full 0):
 garbage-first heap   total 114688K, used 25655K [0x0000000084000000, 0x0000000100000000)
  region size 1024K, 4 young (4096K), 4 survivors (4096K)
 Metaspace       used 59600K, committed 60160K, reserved 1114112K
  class space    used 7805K, committed 8064K, reserved 1048576K
}
Event: 11.124 GC heap before
{Heap before GC invocations=15 (full 0):
 garbage-first heap   total 96256K, used 78903K [0x0000000084000000, 0x0000000100000000)
  region size 1024K, 56 young (57344K), 4 survivors (4096K)
 Metaspace       used 68046K, committed 68672K, reserved 1114112K
  class space    used 8963K, committed 9280K, reserved 1048576K
}
Event: 11.131 GC heap after
{Heap after GC invocations=16 (full 0):
 garbage-first heap   total 96256K, used 28963K [0x0000000084000000, 0x0000000100000000)
  region size 1024K, 7 young (7168K), 7 survivors (7168K)
 Metaspace       used 68046K, committed 68672K, reserved 1114112K
  class space    used 8963K, committed 9280K, reserved 1048576K
}
Event: 11.147 GC heap before
{Heap before GC invocations=16 (full 0):
 garbage-first heap   total 96256K, used 29987K [0x0000000084000000, 0x0000000100000000)
  region size 1024K, 8 young (8192K), 7 survivors (7168K)
 Metaspace       used 68099K, committed 68736K, reserved 1114112K
  class space    used 8969K, committed 9280K, reserved 1048576K
}
Event: 11.153 GC heap after
{Heap after GC invocations=17 (full 0):
 garbage-first heap   total 96256K, used 29549K [0x0000000084000000, 0x0000000100000000)
  region size 1024K, 1 young (1024K), 1 survivors (1024K)
 Metaspace       used 68099K, committed 68736K, reserved 1114112K
  class space    used 8969K, committed 9280K, reserved 1048576K
}
Event: 11.709 GC heap before
{Heap before GC invocations=17 (full 0):
 garbage-first heap   total 96256K, used 74605K [0x0000000084000000, 0x0000000100000000)
  region size 1024K, 46 young (47104K), 1 survivors (1024K)
 Metaspace       used 71553K, committed 72256K, reserved 1114112K
  class space    used 9649K, committed 9984K, reserved 1048576K
}
Event: 11.712 GC heap after
{Heap after GC invocations=18 (full 0):
 garbage-first heap   total 96256K, used 31557K [0x0000000084000000, 0x0000000100000000)
  region size 1024K, 3 young (3072K), 3 survivors (3072K)
 Metaspace       used 71553K, committed 72256K, reserved 1114112K
  class space    used 9649K, committed 9984K, reserved 1048576K
}
Event: 12.474 GC heap before
{Heap before GC invocations=18 (full 0):
 garbage-first heap   total 96256K, used 74565K [0x0000000084000000, 0x0000000100000000)
  region size 1024K, 46 young (47104K), 3 survivors (3072K)
 Metaspace       used 75925K, committed 76608K, reserved 1179648K
  class space    used 10227K, committed 10560K, reserved 1048576K
}
Event: 12.479 GC heap after
{Heap after GC invocations=19 (full 0):
 garbage-first heap   total 96256K, used 33812K [0x0000000084000000, 0x0000000100000000)
  region size 1024K, 6 young (6144K), 6 survivors (6144K)
 Metaspace       used 75925K, committed 76608K, reserved 1179648K
  class space    used 10227K, committed 10560K, reserved 1048576K
}

